lerna(info)    Lerna v2.0.0-beta.16
lerna(debug)   Attempting running RunCommand.initialize
lerna(debug)   Successfully ran RunCommand.initialize
lerna(debug)   Attempting running RunCommand.execute
lerna(error)   Errored while running npm script 'test' in 'event-as-promised'
    Error: Command failed: /bin/sh -c npm run test 
    module.js:339
        throw err;
        ^
    
    Error: Cannot find module 'babel-runtime/regenerator'
        at Function.Module._resolveFilename (module.js:337:15)
        at Function.Module._load (module.js:287:25)
        at Module.require (module.js:366:17)
        at require (module.js:385:17)
        at Object.<anonymous> (/Users/thomasreggi/Desktop/monorepo/packages/event-as-promised/test/index.js:3:20)
        at Module._compile (module.js:435:26)
        at loader (/Users/thomasreggi/Desktop/monorepo/packages/event-as-promised/node_modules/dd5f3572ef5bd4082ca05471e942e4a91b162ff0/package/lib/node.js:158:5)
        at Object.require.extensions.(anonymous function) [as .js] (/Users/thomasreggi/Desktop/monorepo/packages/event-as-promised/node_modules/dd5f3572ef5bd4082ca05471e942e4a91b162ff0/package/lib/node.js:168:7)
        at Module.load (module.js:356:32)
        at Function.Module._load (module.js:311:12)
        at Module.require (module.js:366:17)
        at require (module.js:385:17)
        at /Users/thomasreggi/Desktop/monorepo/packages/event-as-promised/node_modules/161be5bdeb496771eb9b35745050b622b5aefc58/package/lib/mocha.js:220:27
        at Array.forEach (native)
        at Mocha.loadFiles (/Users/thomasreggi/Desktop/monorepo/packages/event-as-promised/node_modules/161be5bdeb496771eb9b35745050b622b5aefc58/package/lib/mocha.js:217:14)
        at Mocha.run (/Users/thomasreggi/Desktop/monorepo/packages/event-as-promised/node_modules/161be5bdeb496771eb9b35745050b622b5aefc58/package/lib/mocha.js:469:10)
        at Object.<anonymous> (/Users/thomasreggi/Desktop/monorepo/packages/event-as-promised/node_modules/161be5bdeb496771eb9b35745050b622b5aefc58/package/bin/_mocha:404:18)
        at Module._compile (module.js:435:26)
        at Object.Module._extensions..js (module.js:442:10)
        at Module.load (module.js:356:32)
        at Function.Module._load (module.js:311:12)
        at Function.Module.runMain (module.js:467:10)
        at startup (node.js:136:18)
        at node.js:963:3
    
    npm ERR! Darwin 15.4.0
    npm ERR! argv "/Users/thomasreggi/.nvm/versions/node/v4.2.2/bin/node" "/Users/thomasreggi/.nvm/versions/node/v4.2.2/bin/npm" "run" "test"
    npm ERR! node v4.2.2
    npm ERR! npm  v2.14.7
    npm ERR! code ELIFECYCLE
    npm ERR! event-as-promised@1.0.0 test: `mocha --compilers js:babel-core/register --recursive`
    npm ERR! Exit status 1
    npm ERR! 
    npm ERR! Failed at the event-as-promised@1.0.0 test script 'mocha --compilers js:babel-core/register --recursive'.
    npm ERR! This is most likely a problem with the event-as-promised package,
    npm ERR! not with npm itself.
    npm ERR! Tell the author that this fails on your system:
    npm ERR!     mocha --compilers js:babel-core/register --recursive
    npm ERR! You can get their info via:
    npm ERR!     npm owner ls event-as-promised
    npm ERR! There is likely additional logging output above.
    
    npm ERR! Please include the following file with any support request:
    npm ERR!     /Users/thomasreggi/Desktop/monorepo/packages/event-as-promised/npm-debug.log
    
        at ChildProcess.exithandler (child_process.js:203:12)
        at emitTwo (events.js:87:13)
        at ChildProcess.emit (events.js:172:7)
        at maybeClose (internal/child_process.js:818:16)
        at Socket.<anonymous> (internal/child_process.js:319:11)
        at emitOne (events.js:77:13)
        at Socket.emit (events.js:169:7)
        at Pipe._onclose (net.js:469:12)
lerna(error)   Errored while running RunCommand.execute
